<?xml version="1.0" encoding="UTF-8"?>
<testsuite xmlns:xsi="http://www.w3.org/2001/XMLSchema-instance" xsi:noNamespaceSchemaLocation="https://maven.apache.org/surefire/maven-surefire-plugin/xsd/surefire-test-report-3.0.xsd" version="3.0" name="in.ineuron.TestBankLoanService" time="20.123" tests="5" errors="0" skipped="1" failures="0">
  <properties>
[...]
</properties>
  <testcase name="testCalculateSimpleInterestWithSmallNumbers(TestInfo)" classname="in.ineuron.TestBankLoanService" time="10.058">
    <system-out><![CDATA[
TestBankLoanService.setUp()

BankLoanService:: Zero Param Constructor


TestBankLoanService.testCalculateSimpleInterestWithSmallNumbers(), Optional[class in.ineuron.TestBankLoanService], [dev]
BankLoanService.calculateSimpleInterest()
]]></system-out>
  </testcase>
  <testcase name="shouldAnswerWithTrue" classname="in.ineuron.TestBankLoanService" time="0.006"/>
  <testcase name="testCalculateSimpleInterestWithInvalidInputs2" classname="in.ineuron.TestBankLoanService" time="0">
    <skipped message="public void in.ineuron.TestBankLoanService.testCalculateSimpleInterestWithInvalidInputs2() is @Disabled"/>
  </testcase>
  <testcase name="testCalculateSimpleInterestWithInvalidInputs" classname="in.ineuron.TestBankLoanService" time="0.002">
    <system-out><![CDATA[
TestBankLoanService.testCalculateSimpleInterestWithInvalidInputs()
BankLoanService.calculateSimpleInterest()
]]></system-out>
  </testcase>
  <testcase name="testCalculateSimpleInterestWithTimer" classname="in.ineuron.TestBankLoanService" time="10.005">
    <system-out><![CDATA[
TestBankLoanService.testCalculateSimpleInterestWithTimer()
BankLoanService.calculateSimpleInterest()
]]></system-out>
  </testcase>
</testsuite>